SF:D:\INET Labs\SmartE-commercePlatform\Backend\Application\AIML\ProductDataPrediction.cs
FN:5,System.Single ProductDataPrediction::get_PredictedPrice()
FNDA:0,System.Single ProductDataPrediction::get_PredictedPrice()
DA:6,0
LF:1
LH:0
BRF:0
BRH:0
FNF:1
FNH:0
end_of_record
SF:D:\INET Labs\SmartE-commercePlatform\Backend\Application\UseCases\Cart\Commands\AddToCart\AddToCartCommandValidator.cs
FN:5,System.Void AddToCartCommandValidator::.ctor()
FNDA:3,System.Void AddToCartCommandValidator::.ctor()
DA:6,3
DA:7,3
DA:8,3
DA:9,3
DA:11,3
DA:12,3
DA:13,3
LF:7
LH:7
BRF:0
BRH:0
FNF:1
FNH:1
end_of_record
SF:D:\INET Labs\SmartE-commercePlatform\Backend\Application\DependencyInjection.cs
FN:10,Microsoft.Extensions.DependencyInjection.IServiceCollection Application.DependencyInjection::AddApplication(Microsoft.Extensions.DependencyInjection.IServiceCollection)
FNDA:0,Microsoft.Extensions.DependencyInjection.IServiceCollection Application.DependencyInjection::AddApplication(Microsoft.Extensions.DependencyInjection.IServiceCollection)
DA:11,0
DA:12,0
DA:13,0
DA:15,0
DA:17,0
DA:20,0
DA:21,0
LF:7
LH:0
BRF:0
BRH:0
FNF:1
FNH:0
end_of_record
SF:D:\INET Labs\SmartE-commercePlatform\Backend\Application\Utils\MappingProfile.cs
FN:10,System.Void Application.Utils.MappingProfile::.ctor()
FNDA:0,System.Void Application.Utils.MappingProfile::.ctor()
DA:11,0
DA:12,0
DA:13,0
DA:14,0
DA:16,0
DA:17,0
DA:18,0
DA:20,0
DA:21,0
LF:9
LH:0
BRF:0
BRH:0
FNF:1
FNH:0
end_of_record
SF:D:\INET Labs\SmartE-commercePlatform\Backend\Application\UseCases\User\Queries\LoginUser\LoginUserQuery.cs
FN:7,Application.DTOs.User.LoginUserDTO Application.UseCases.User.Queries.LoginUser.LoginUserQuery::get_User()
FNDA:0,Application.DTOs.User.LoginUserDTO Application.UseCases.User.Queries.LoginUser.LoginUserQuery::get_User()
DA:8,0
FN:9,System.Void Application.UseCases.User.Queries.LoginUser.LoginUserQuery::.ctor(Application.DTOs.User.LoginUserDTO)
FNDA:0,System.Void Application.UseCases.User.Queries.LoginUser.LoginUserQuery::.ctor(Application.DTOs.User.LoginUserDTO)
DA:10,0
DA:11,0
DA:12,0
DA:13,0
LF:5
LH:0
BRF:0
BRH:0
FNF:2
FNH:0
end_of_record
SF:D:\INET Labs\SmartE-commercePlatform\Backend\Application\UseCases\User\Queries\LoginUser\LoginUserQueryHandler.cs
FN:12,System.Void Application.UseCases.User.Queries.LoginUser.LoginUserQueryHandler::.ctor(Domain.Repositories.IUserRepository,AutoMapper.IMapper)
FNDA:0,System.Void Application.UseCases.User.Queries.LoginUser.LoginUserQueryHandler::.ctor(Domain.Repositories.IUserRepository,AutoMapper.IMapper)
DA:13,0
DA:14,0
DA:15,0
DA:16,0
DA:17,0
FN:19,System.Void Application.UseCases.User.Queries.LoginUser.LoginUserQueryHandler/<Handle>d__3::MoveNext()
FNDA:0,System.Void Application.UseCases.User.Queries.LoginUser.LoginUserQueryHandler/<Handle>d__3::MoveNext()
DA:20,0
DA:21,0
DA:22,0
LF:8
LH:0
BRF:0
BRH:0
FNF:2
FNH:0
end_of_record
SF:D:\INET Labs\SmartE-commercePlatform\Backend\Application\UseCases\User\Queries\GetUserById\GetUserByIdQuery.cs
FN:7,System.Guid Application.UseCases.User.Queries.GetUserById.GetUserByIdQuery::get_Id()
FNDA:4,System.Guid Application.UseCases.User.Queries.GetUserById.GetUserByIdQuery::get_Id()
DA:8,4
FN:9,System.Void Application.UseCases.User.Queries.GetUserById.GetUserByIdQuery::.ctor(System.Guid)
FNDA:2,System.Void Application.UseCases.User.Queries.GetUserById.GetUserByIdQuery::.ctor(System.Guid)
DA:10,2
DA:11,2
DA:12,2
DA:13,2
LF:5
LH:5
BRF:0
BRH:0
FNF:2
FNH:2
end_of_record
SF:D:\INET Labs\SmartE-commercePlatform\Backend\Application\UseCases\User\Queries\GetUserById\GetUserByIdQueryHandler.cs
FN:12,System.Void Application.UseCases.User.Queries.GetUserById.GetUserByIdQueryHandler::.ctor(Domain.Repositories.IUserRepository,AutoMapper.IMapper)
FNDA:2,System.Void Application.UseCases.User.Queries.GetUserById.GetUserByIdQueryHandler::.ctor(Domain.Repositories.IUserRepository,AutoMapper.IMapper)
DA:13,2
DA:14,2
DA:15,2
DA:16,2
DA:17,2
FN:19,System.Void Application.UseCases.User.Queries.GetUserById.GetUserByIdQueryHandler/<Handle>d__3::MoveNext()
FNDA:2,System.Void Application.UseCases.User.Queries.GetUserById.GetUserByIdQueryHandler/<Handle>d__3::MoveNext()
DA:20,2
DA:21,2
DA:22,2
DA:23,2
LF:9
LH:9
BRF:0
BRH:0
FNF:2
FNH:2
end_of_record
SF:D:\INET Labs\SmartE-commercePlatform\Backend\Application\UseCases\User\Commands\UpdateUser\UpdateUserCommand.cs
FN:7,Application.DTOs.User.UserDTO Application.UseCases.User.Commands.UpdateUser.UpdateUserCommand::get_User()
FNDA:4,Application.DTOs.User.UserDTO Application.UseCases.User.Commands.UpdateUser.UpdateUserCommand::get_User()
DA:8,4
FN:9,System.Void Application.UseCases.User.Commands.UpdateUser.UpdateUserCommand::.ctor(Application.DTOs.User.UserDTO)
FNDA:2,System.Void Application.UseCases.User.Commands.UpdateUser.UpdateUserCommand::.ctor(Application.DTOs.User.UserDTO)
DA:10,2
DA:11,2
DA:12,2
DA:13,2
LF:5
LH:5
BRF:0
BRH:0
FNF:2
FNH:2
end_of_record
SF:D:\INET Labs\SmartE-commercePlatform\Backend\Application\UseCases\User\Commands\UpdateUser\UpdateUserCommandHandler.cs
FN:11,System.Void Application.UseCases.User.Commands.UpdateUser.UpdateUserCommandHandler::.ctor(Domain.Repositories.IUserRepository,AutoMapper.IMapper)
FNDA:2,System.Void Application.UseCases.User.Commands.UpdateUser.UpdateUserCommandHandler::.ctor(Domain.Repositories.IUserRepository,AutoMapper.IMapper)
DA:12,2
DA:13,2
DA:14,2
DA:15,2
DA:16,2
FN:18,System.Void Application.UseCases.User.Commands.UpdateUser.UpdateUserCommandHandler/<Handle>d__3::MoveNext()
FNDA:2,System.Void Application.UseCases.User.Commands.UpdateUser.UpdateUserCommandHandler/<Handle>d__3::MoveNext()
DA:19,2
DA:20,2
DA:21,2
LF:8
LH:8
BRF:0
BRH:0
FNF:2
FNH:2
end_of_record
SF:D:\INET Labs\SmartE-commercePlatform\Backend\Application\UseCases\User\Commands\UpdateUser\UpdateUserCommandValidator.cs
FN:6,System.Void Application.UseCases.User.Commands.UpdateUser.UpdateUserCommandValidator::.ctor()
FNDA:0,System.Void Application.UseCases.User.Commands.UpdateUser.UpdateUserCommandValidator::.ctor()
DA:7,0
DA:8,0
DA:9,0
DA:10,0
DA:11,0
DA:13,0
DA:14,0
DA:15,0
DA:17,0
DA:18,0
DA:19,0
DA:21,0
DA:22,0
DA:23,0
DA:24,0
DA:25,0
LF:16
LH:0
BRF:0
BRH:0
FNF:1
FNH:0
end_of_record
SF:D:\INET Labs\SmartE-commercePlatform\Backend\Application\UseCases\User\Commands\DeleteUser\DeleteUserCommand.cs
FN:6,System.Guid Application.UseCases.User.Commands.DeleteUser.DeleteUserCommand::get_Id()
FNDA:4,System.Guid Application.UseCases.User.Commands.DeleteUser.DeleteUserCommand::get_Id()
DA:7,4
FN:8,System.Void Application.UseCases.User.Commands.DeleteUser.DeleteUserCommand::.ctor(System.Guid)
FNDA:2,System.Void Application.UseCases.User.Commands.DeleteUser.DeleteUserCommand::.ctor(System.Guid)
DA:9,2
DA:10,2
DA:11,2
DA:13,2
LF:5
LH:5
BRF:0
BRH:0
FNF:2
FNH:2
end_of_record
SF:D:\INET Labs\SmartE-commercePlatform\Backend\Application\UseCases\User\Commands\DeleteUser\DeleteUserCommandHandler.cs
FN:9,System.Void Application.UseCases.User.Commands.DeleteUser.DeleteUserCommandHandler::.ctor(Domain.Repositories.IUserRepository)
FNDA:2,System.Void Application.UseCases.User.Commands.DeleteUser.DeleteUserCommandHandler::.ctor(Domain.Repositories.IUserRepository)
DA:10,2
DA:11,2
DA:12,2
DA:13,2
FN:15,System.Void Application.UseCases.User.Commands.DeleteUser.DeleteUserCommandHandler/<Handle>d__2::MoveNext()
FNDA:2,System.Void Application.UseCases.User.Commands.DeleteUser.DeleteUserCommandHandler/<Handle>d__2::MoveNext()
DA:16,2
DA:17,2
DA:18,2
LF:7
LH:7
BRF:0
BRH:0
FNF:2
FNH:2
end_of_record
SF:D:\INET Labs\SmartE-commercePlatform\Backend\Application\UseCases\User\Commands\CreateUser\CreateUserCommand.cs
FN:8,Application.DTOs.User.CreateUserDTO Application.UseCases.User.Commands.CreateUser.CreateUserCommand::get_User()
FNDA:3,Application.DTOs.User.CreateUserDTO Application.UseCases.User.Commands.CreateUser.CreateUserCommand::get_User()
DA:9,3
FN:10,System.Void Application.UseCases.User.Commands.CreateUser.CreateUserCommand::.ctor(Application.DTOs.User.CreateUserDTO)
FNDA:2,System.Void Application.UseCases.User.Commands.CreateUser.CreateUserCommand::.ctor(Application.DTOs.User.CreateUserDTO)
DA:11,2
DA:12,2
DA:13,2
DA:14,2
LF:5
LH:5
BRF:0
BRH:0
FNF:2
FNH:2
end_of_record
SF:D:\INET Labs\SmartE-commercePlatform\Backend\Application\UseCases\User\Commands\CreateUser\CreateUserCommandHandler.cs
FN:17,System.Void Application.UseCases.User.Commands.CreateUser.CreateUserCommandHandler::.ctor(Domain.Repositories.IUserRepository,AutoMapper.IMapper,FluentValidation.IValidator`1<Application.UseCases.User.Commands.CreateUser.CreateUserCommand>)
FNDA:2,System.Void Application.UseCases.User.Commands.CreateUser.CreateUserCommandHandler::.ctor(Domain.Repositories.IUserRepository,AutoMapper.IMapper,FluentValidation.IValidator`1<Application.UseCases.User.Commands.CreateUser.CreateUserCommand>)
DA:18,2
DA:19,2
DA:20,2
DA:21,2
DA:22,2
DA:23,2
FN:25,System.Void Application.UseCases.User.Commands.CreateUser.CreateUserCommandHandler/<Handle>d__4::MoveNext()
FNDA:2,System.Void Application.UseCases.User.Commands.CreateUser.CreateUserCommandHandler/<Handle>d__4::MoveNext()
DA:26,2
DA:27,2
DA:28,2
DA:29,1
DA:30,1
DA:33,1
DA:35,1
DA:37,1
DA:38,2
BRDA:28,186,0,1
BRDA:28,186,1,1
LF:15
LH:15
BRF:2
BRH:2
FNF:2
FNH:2
end_of_record
SF:D:\INET Labs\SmartE-commercePlatform\Backend\Application\UseCases\User\Commands\CreateUser\CreateUserCommandValidator.cs
FN:6,System.Void Application.UseCases.User.Commands.CreateUser.CreateUserCommandValidator::.ctor()
FNDA:0,System.Void Application.UseCases.User.Commands.CreateUser.CreateUserCommandValidator::.ctor()
DA:7,0
DA:8,0
DA:9,0
DA:10,0
DA:11,0
DA:13,0
DA:14,0
DA:15,0
DA:17,0
DA:18,0
DA:19,0
DA:22,0
LF:12
LH:0
BRF:0
BRH:0
FNF:1
FNH:0
end_of_record
SF:D:\INET Labs\SmartE-commercePlatform\Backend\Application\UseCases\Product\Queries\GetUserProducts\GetUserProductsQuery.cs
FN:7,System.Guid Application.UseCases.Product.Queries.GetUserProducts.GetUserProductsQuery::get_UserId()
FNDA:0,System.Guid Application.UseCases.Product.Queries.GetUserProducts.GetUserProductsQuery::get_UserId()
DA:8,0
FN:9,System.Int32 Application.UseCases.Product.Queries.GetUserProducts.GetUserProductsQuery::get_PageNumber()
FNDA:0,System.Int32 Application.UseCases.Product.Queries.GetUserProducts.GetUserProductsQuery::get_PageNumber()
DA:10,0
FN:10,System.Int32 Application.UseCases.Product.Queries.GetUserProducts.GetUserProductsQuery::get_PageSize()
FNDA:0,System.Int32 Application.UseCases.Product.Queries.GetUserProducts.GetUserProductsQuery::get_PageSize()
DA:11,0
FN:12,System.Void Application.UseCases.Product.Queries.GetUserProducts.GetUserProductsQuery::.ctor(System.Guid,System.Int32,System.Int32)
FNDA:0,System.Void Application.UseCases.Product.Queries.GetUserProducts.GetUserProductsQuery::.ctor(System.Guid,System.Int32,System.Int32)
DA:13,0
DA:14,0
DA:15,0
DA:16,0
DA:17,0
DA:18,0
LF:9
LH:0
BRF:0
BRH:0
FNF:4
FNH:0
end_of_record
SF:D:\INET Labs\SmartE-commercePlatform\Backend\Application\UseCases\Product\Queries\GetUserProducts\GetUserProductsQueryHandler.cs
FN:12,System.Void Application.UseCases.Product.Queries.GetUserProducts.GetUserProductsQueryHandler::.ctor(Domain.Repositories.IProductRepository,AutoMapper.IMapper)
FNDA:0,System.Void Application.UseCases.Product.Queries.GetUserProducts.GetUserProductsQueryHandler::.ctor(Domain.Repositories.IProductRepository,AutoMapper.IMapper)
DA:13,0
DA:14,0
DA:15,0
DA:16,0
DA:17,0
FN:19,System.Void Application.UseCases.Product.Queries.GetUserProducts.GetUserProductsQueryHandler/<Handle>d__3::MoveNext()
FNDA:0,System.Void Application.UseCases.Product.Queries.GetUserProducts.GetUserProductsQueryHandler/<Handle>d__3::MoveNext()
DA:20,0
DA:21,0
DA:23,0
DA:25,0
DA:26,0
DA:28,0
DA:30,0
DA:31,0
LF:13
LH:0
BRF:0
BRH:0
FNF:2
FNH:0
end_of_record
SF:D:\INET Labs\SmartE-commercePlatform\Backend\Application\UseCases\Product\Queries\GetProductById\GetProductByIdQuery.cs
FN:7,System.Guid Application.UseCases.Product.Queries.GetProductById.GetProductByIdQuery::get_Id()
FNDA:2,System.Guid Application.UseCases.Product.Queries.GetProductById.GetProductByIdQuery::get_Id()
DA:8,2
FN:9,System.Void Application.UseCases.Product.Queries.GetProductById.GetProductByIdQuery::.ctor(System.Guid)
FNDA:1,System.Void Application.UseCases.Product.Queries.GetProductById.GetProductByIdQuery::.ctor(System.Guid)
DA:10,1
DA:11,1
DA:12,1
DA:13,1
LF:5
LH:5
BRF:0
BRH:0
FNF:2
FNH:2
end_of_record
SF:D:\INET Labs\SmartE-commercePlatform\Backend\Application\UseCases\Product\Queries\GetProductById\GetProductByIdQueryHandler.cs
FN:12,System.Void Application.UseCases.Product.Queries.GetProductById.GetProductByIdQueryHandler::.ctor(Domain.Repositories.IProductRepository,AutoMapper.IMapper)
FNDA:1,System.Void Application.UseCases.Product.Queries.GetProductById.GetProductByIdQueryHandler::.ctor(Domain.Repositories.IProductRepository,AutoMapper.IMapper)
DA:13,1
DA:14,1
DA:15,1
DA:16,1
DA:17,1
FN:19,System.Void Application.UseCases.Product.Queries.GetProductById.GetProductByIdQueryHandler/<Handle>d__3::MoveNext()
FNDA:1,System.Void Application.UseCases.Product.Queries.GetProductById.GetProductByIdQueryHandler/<Handle>d__3::MoveNext()
DA:20,1
DA:21,1
DA:22,1
DA:23,1
LF:9
LH:9
BRF:0
BRH:0
FNF:2
FNH:2
end_of_record
SF:D:\INET Labs\SmartE-commercePlatform\Backend\Application\UseCases\Product\Queries\GetAllProducts\GetAllProductsQuery.cs
FN:7,System.String Application.UseCases.Product.Queries.GetAllProducts.GetAllProductsQuery::get_Type()
FNDA:21,System.String Application.UseCases.Product.Queries.GetAllProducts.GetAllProductsQuery::get_Type()
DA:8,21
FN:8,System.Nullable`1<System.Decimal> Application.UseCases.Product.Queries.GetAllProducts.GetAllProductsQuery::get_MinPrice()
FNDA:19,System.Nullable`1<System.Decimal> Application.UseCases.Product.Queries.GetAllProducts.GetAllProductsQuery::get_MinPrice()
DA:9,19
FN:9,System.Nullable`1<System.Decimal> Application.UseCases.Product.Queries.GetAllProducts.GetAllProductsQuery::get_MaxPrice()
FNDA:16,System.Nullable`1<System.Decimal> Application.UseCases.Product.Queries.GetAllProducts.GetAllProductsQuery::get_MaxPrice()
DA:10,16
FN:10,System.Nullable`1<System.Int32> Application.UseCases.Product.Queries.GetAllProducts.GetAllProductsQuery::get_MinReview()
FNDA:19,System.Nullable`1<System.Int32> Application.UseCases.Product.Queries.GetAllProducts.GetAllProductsQuery::get_MinReview()
DA:11,19
FN:11,System.Int32 Application.UseCases.Product.Queries.GetAllProducts.GetAllProductsQuery::get_PageNumber()
FNDA:25,System.Int32 Application.UseCases.Product.Queries.GetAllProducts.GetAllProductsQuery::get_PageNumber()
DA:12,25
FN:12,System.Int32 Application.UseCases.Product.Queries.GetAllProducts.GetAllProductsQuery::get_PageSize()
FNDA:33,System.Int32 Application.UseCases.Product.Queries.GetAllProducts.GetAllProductsQuery::get_PageSize()
DA:13,33
FN:14,System.Void Application.UseCases.Product.Queries.GetAllProducts.GetAllProductsQuery::.ctor(System.String,System.Nullable`1<System.Decimal>,System.Nullable`1<System.Decimal>,System.Nullable`1<System.Int32>,System.Int32,System.Int32)
FNDA:6,System.Void Application.UseCases.Product.Queries.GetAllProducts.GetAllProductsQuery::.ctor(System.String,System.Nullable`1<System.Decimal>,System.Nullable`1<System.Decimal>,System.Nullable`1<System.Int32>,System.Int32,System.Int32)
DA:15,6
DA:16,6
DA:17,6
DA:18,6
DA:19,6
DA:20,6
DA:21,6
DA:22,6
DA:23,6
DA:24,6
DA:25,6
DA:26,6
DA:27,6
DA:28,6
DA:29,6
LF:21
LH:21
BRF:0
BRH:0
FNF:7
FNH:7
end_of_record
SF:D:\INET Labs\SmartE-commercePlatform\Backend\Application\UseCases\Product\Queries\GetAllProducts\GetAllProductsQueryHandler.cs
FN:18,System.Void Application.UseCases.Product.Queries.GetAllProducts.GetAllProductsQueryHandler::.ctor(Domain.Repositories.IProductRepository,AutoMapper.IMapper,FluentValidation.IValidator`1<Application.UseCases.Product.Queries.GetAllProducts.GetAllProductsQuery>)
FNDA:6,System.Void Application.UseCases.Product.Queries.GetAllProducts.GetAllProductsQueryHandler::.ctor(Domain.Repositories.IProductRepository,AutoMapper.IMapper,FluentValidation.IValidator`1<Application.UseCases.Product.Queries.GetAllProducts.GetAllProductsQuery>)
DA:19,6
DA:20,6
DA:21,6
DA:22,6
DA:23,6
DA:24,6
FN:30,System.String Application.UseCases.Product.Queries.GetAllProducts.GetAllProductsQueryHandler/<>c::<Handle>b__4_4(FluentValidation.Results.ValidationFailure)
FNDA:3,System.String Application.UseCases.Product.Queries.GetAllProducts.GetAllProductsQueryHandler/<>c::<Handle>b__4_4(FluentValidation.Results.ValidationFailure)
DA:31,3
FN:37,System.Boolean Application.UseCases.Product.Queries.GetAllProducts.GetAllProductsQueryHandler/<>c__DisplayClass4_0::<Handle>b__0(Domain.Entities.Product)
FNDA:12,System.Boolean Application.UseCases.Product.Queries.GetAllProducts.GetAllProductsQueryHandler/<>c__DisplayClass4_0::<Handle>b__0(Domain.Entities.Product)
DA:38,12
FN:40,System.Boolean Application.UseCases.Product.Queries.GetAllProducts.GetAllProductsQueryHandler/<>c__DisplayClass4_0::<Handle>b__1(Domain.Entities.Product)
FNDA:10,System.Boolean Application.UseCases.Product.Queries.GetAllProducts.GetAllProductsQueryHandler/<>c__DisplayClass4_0::<Handle>b__1(Domain.Entities.Product)
DA:41,10
FN:43,System.Boolean Application.UseCases.Product.Queries.GetAllProducts.GetAllProductsQueryHandler/<>c__DisplayClass4_0::<Handle>b__2(Domain.Entities.Product)
FNDA:7,System.Boolean Application.UseCases.Product.Queries.GetAllProducts.GetAllProductsQueryHandler/<>c__DisplayClass4_0::<Handle>b__2(Domain.Entities.Product)
DA:44,7
FN:46,System.Boolean Application.UseCases.Product.Queries.GetAllProducts.GetAllProductsQueryHandler/<>c__DisplayClass4_0::<Handle>b__3(Domain.Entities.Product)
FNDA:10,System.Boolean Application.UseCases.Product.Queries.GetAllProducts.GetAllProductsQueryHandler/<>c__DisplayClass4_0::<Handle>b__3(Domain.Entities.Product)
DA:47,10
FN:26,System.Void Application.UseCases.Product.Queries.GetAllProducts.GetAllProductsQueryHandler/<Handle>d__4::MoveNext()
FNDA:6,System.Void Application.UseCases.Product.Queries.GetAllProducts.GetAllProductsQueryHandler/<Handle>d__4::MoveNext()
DA:27,6
DA:28,6
DA:29,6
DA:30,1
DA:32,1
DA:35,5
DA:37,5
DA:40,5
DA:43,5
DA:46,5
DA:49,5
DA:51,5
DA:52,5
DA:54,5
DA:56,5
DA:57,5
BRDA:29,219,0,1
BRDA:29,219,1,5
BRDA:37,468,0,2
BRDA:37,468,1,5
BRDA:40,533,0,2
BRDA:40,533,1,5
BRDA:43,598,0,2
BRDA:43,598,1,5
BRDA:46,663,0,2
BRDA:46,663,1,5
LF:27
LH:27
BRF:10
BRH:10
FNF:7
FNH:7
end_of_record
SF:D:\INET Labs\SmartE-commercePlatform\Backend\Application\UseCases\Product\Queries\GetAllProducts\GetAllProductsQueryValidator.cs
FN:16,System.Void Application.UseCases.Product.Queries.GetAllProducts.GetAllProductsQueryValidator::<.ctor>b__0_3()
FNDA:0,System.Void Application.UseCases.Product.Queries.GetAllProducts.GetAllProductsQueryValidator::<.ctor>b__0_3()
DA:17,0
DA:18,0
DA:19,0
DA:20,0
DA:21,0
FN:6,System.Void Application.UseCases.Product.Queries.GetAllProducts.GetAllProductsQueryValidator::.ctor()
FNDA:0,System.Void Application.UseCases.Product.Queries.GetAllProducts.GetAllProductsQueryValidator::.ctor()
DA:7,0
DA:8,0
DA:9,0
DA:10,0
DA:12,0
DA:13,0
DA:14,0
DA:16,0
DA:23,0
DA:24,0
DA:25,0
BRDA:16,14,0,0
BRDA:16,14,1,0
LF:16
LH:0
BRF:2
BRH:0
FNF:2
FNH:0
end_of_record
SF:D:\INET Labs\SmartE-commercePlatform\Backend\Application\UseCases\Product\Commands\UpdateProduct\UpdateProductCommand.cs
FN:7,Application.DTOs.Product.ProductDTO Application.UseCases.Product.Commands.UpdateProduct.UpdateProductCommand::get_Product()
FNDA:4,Application.DTOs.Product.ProductDTO Application.UseCases.Product.Commands.UpdateProduct.UpdateProductCommand::get_Product()
DA:8,4
FN:9,System.Void Application.UseCases.Product.Commands.UpdateProduct.UpdateProductCommand::.ctor(Application.DTOs.Product.ProductDTO)
FNDA:2,System.Void Application.UseCases.Product.Commands.UpdateProduct.UpdateProductCommand::.ctor(Application.DTOs.Product.ProductDTO)
DA:10,2
DA:11,2
DA:12,2
DA:13,2
LF:5
LH:5
BRF:0
BRH:0
FNF:2
FNH:2
end_of_record
SF:D:\INET Labs\SmartE-commercePlatform\Backend\Application\UseCases\Product\Commands\UpdateProduct\UpdateProductCommandHandler.cs
FN:11,System.Void Application.UseCases.Product.Commands.UpdateProduct.UpdateProductCommandHandler::.ctor(Domain.Repositories.IProductRepository,AutoMapper.IMapper)
FNDA:2,System.Void Application.UseCases.Product.Commands.UpdateProduct.UpdateProductCommandHandler::.ctor(Domain.Repositories.IProductRepository,AutoMapper.IMapper)
DA:12,2
DA:13,2
DA:14,2
DA:15,2
DA:16,2
FN:18,System.Void Application.UseCases.Product.Commands.UpdateProduct.UpdateProductCommandHandler/<Handle>d__3::MoveNext()
FNDA:2,System.Void Application.UseCases.Product.Commands.UpdateProduct.UpdateProductCommandHandler/<Handle>d__3::MoveNext()
DA:19,2
DA:20,2
DA:21,2
LF:8
LH:8
BRF:0
BRH:0
FNF:2
FNH:2
end_of_record
SF:D:\INET Labs\SmartE-commercePlatform\Backend\Application\UseCases\Product\Commands\UpdateProduct\UpdateProductCommandValidator.cs
FN:30,System.Boolean Application.UseCases.Product.Commands.UpdateProduct.UpdateProductCommandValidator::isAValidReview(System.Int32)
FNDA:0,System.Boolean Application.UseCases.Product.Commands.UpdateProduct.UpdateProductCommandValidator::isAValidReview(System.Int32)
DA:31,0
DA:32,0
DA:33,0
BRDA:32,3,0,0
BRDA:32,3,1,0
FN:6,System.Void Application.UseCases.Product.Commands.UpdateProduct.UpdateProductCommandValidator::.ctor()
FNDA:0,System.Void Application.UseCases.Product.Commands.UpdateProduct.UpdateProductCommandValidator::.ctor()
DA:7,0
DA:8,0
DA:9,0
DA:10,0
DA:11,0
DA:13,0
DA:14,0
DA:15,0
DA:17,0
DA:18,0
DA:19,0
DA:21,0
DA:22,0
DA:23,0
DA:25,0
DA:26,0
DA:27,0
DA:28,0
LF:21
LH:0
BRF:2
BRH:0
FNF:2
FNH:0
end_of_record
SF:D:\INET Labs\SmartE-commercePlatform\Backend\Application\UseCases\Product\Commands\DeleteProduct\DeleteProductCommand.cs
FN:6,System.Guid Application.UseCases.Product.Commands.DeleteProduct.DeleteProductCommand::get_Id()
FNDA:4,System.Guid Application.UseCases.Product.Commands.DeleteProduct.DeleteProductCommand::get_Id()
DA:7,4
FN:8,System.Void Application.UseCases.Product.Commands.DeleteProduct.DeleteProductCommand::.ctor(System.Guid)
FNDA:2,System.Void Application.UseCases.Product.Commands.DeleteProduct.DeleteProductCommand::.ctor(System.Guid)
DA:9,2
DA:10,2
DA:11,2
DA:12,2
LF:5
LH:5
BRF:0
BRH:0
FNF:2
FNH:2
end_of_record
SF:D:\INET Labs\SmartE-commercePlatform\Backend\Application\UseCases\Product\Commands\DeleteProduct\DeleteProductCommandHandler.cs
FN:9,System.Void Application.UseCases.Product.Commands.DeleteProduct.DeleteProductCommandHandler::.ctor(Domain.Repositories.IProductRepository)
FNDA:2,System.Void Application.UseCases.Product.Commands.DeleteProduct.DeleteProductCommandHandler::.ctor(Domain.Repositories.IProductRepository)
DA:10,2
DA:11,2
DA:12,2
DA:13,2
FN:15,System.Void Application.UseCases.Product.Commands.DeleteProduct.DeleteProductCommandHandler/<Handle>d__2::MoveNext()
FNDA:2,System.Void Application.UseCases.Product.Commands.DeleteProduct.DeleteProductCommandHandler/<Handle>d__2::MoveNext()
DA:16,2
DA:17,2
DA:18,2
LF:7
LH:7
BRF:0
BRH:0
FNF:2
FNH:2
end_of_record
SF:D:\INET Labs\SmartE-commercePlatform\Backend\Application\UseCases\Product\Commands\CreateProduct\CreateProductCommand.cs
FN:7,Application.DTOs.Product.CreateProductDTO Application.UseCases.Product.Commands.CreateProduct.CreateProductCommand::get_Product()
FNDA:3,Application.DTOs.Product.CreateProductDTO Application.UseCases.Product.Commands.CreateProduct.CreateProductCommand::get_Product()
DA:8,3
FN:9,System.Void Application.UseCases.Product.Commands.CreateProduct.CreateProductCommand::.ctor(Application.DTOs.Product.CreateProductDTO)
FNDA:2,System.Void Application.UseCases.Product.Commands.CreateProduct.CreateProductCommand::.ctor(Application.DTOs.Product.CreateProductDTO)
DA:10,2
DA:11,2
DA:12,2
DA:13,2
LF:5
LH:5
BRF:0
BRH:0
FNF:2
FNH:2
end_of_record
SF:D:\INET Labs\SmartE-commercePlatform\Backend\Application\UseCases\Product\Commands\CreateProduct\CreateProductCommandHandler.cs
FN:17,System.Void Application.UseCases.Product.Commands.CreateProduct.CreateProductCommandHandler::.ctor(Domain.Repositories.IProductRepository,AutoMapper.IMapper,FluentValidation.IValidator`1<Application.UseCases.Product.Commands.CreateProduct.CreateProductCommand>)
FNDA:2,System.Void Application.UseCases.Product.Commands.CreateProduct.CreateProductCommandHandler::.ctor(Domain.Repositories.IProductRepository,AutoMapper.IMapper,FluentValidation.IValidator`1<Application.UseCases.Product.Commands.CreateProduct.CreateProductCommand>)
DA:18,2
DA:19,2
DA:20,2
DA:21,2
DA:22,2
DA:23,2
DA:24,2
DA:25,2
DA:26,2
FN:28,System.Void Application.UseCases.Product.Commands.CreateProduct.CreateProductCommandHandler/<Handle>d__4::MoveNext()
FNDA:2,System.Void Application.UseCases.Product.Commands.CreateProduct.CreateProductCommandHandler/<Handle>d__4::MoveNext()
DA:29,2
DA:30,2
DA:31,2
DA:32,1
DA:33,1
DA:36,1
DA:38,1
DA:40,1
DA:41,2
BRDA:31,186,0,1
BRDA:31,186,1,1
LF:18
LH:18
BRF:2
BRH:2
FNF:2
FNH:2
end_of_record
SF:D:\INET Labs\SmartE-commercePlatform\Backend\Application\UseCases\Product\Commands\CreateProduct\CreateProductCommandValidator.cs
FN:30,System.Boolean Application.UseCases.Product.Commands.CreateProduct.CreateProductCommandValidator::isAValidReview(System.Int32)
FNDA:0,System.Boolean Application.UseCases.Product.Commands.CreateProduct.CreateProductCommandValidator::isAValidReview(System.Int32)
DA:31,0
DA:32,0
DA:33,0
BRDA:32,3,0,0
BRDA:32,3,1,0
FN:6,System.Void Application.UseCases.Product.Commands.CreateProduct.CreateProductCommandValidator::.ctor()
FNDA:0,System.Void Application.UseCases.Product.Commands.CreateProduct.CreateProductCommandValidator::.ctor()
DA:7,0
DA:8,0
DA:9,0
DA:10,0
DA:11,0
DA:13,0
DA:14,0
DA:15,0
DA:17,0
DA:18,0
DA:19,0
DA:21,0
DA:22,0
DA:23,0
DA:25,0
DA:26,0
DA:27,0
DA:28,0
LF:21
LH:0
BRF:2
BRH:0
FNF:2
FNH:0
end_of_record
SF:D:\INET Labs\SmartE-commercePlatform\Backend\Application\UseCases\Cart\Queries\GetCartByIdQuery.cs
FN:7,System.Guid Application.UseCases.Cart.Queries.GetCartByIdQuery::get_UserId()
FNDA:9,System.Guid Application.UseCases.Cart.Queries.GetCartByIdQuery::get_UserId()
DA:8,9
FN:9,System.Void Application.UseCases.Cart.Queries.GetCartByIdQuery::.ctor(System.Guid)
FNDA:5,System.Void Application.UseCases.Cart.Queries.GetCartByIdQuery::.ctor(System.Guid)
DA:10,5
DA:11,5
DA:12,5
DA:13,5
LF:5
LH:5
BRF:0
BRH:0
FNF:2
FNH:2
end_of_record
SF:D:\INET Labs\SmartE-commercePlatform\Backend\Application\UseCases\Cart\Queries\GetCartByIdQueryHandler.cs
FN:17,System.Void Application.UseCases.Cart.Queries.GetCartById.GetCartByIdQueryHandler::.ctor(Domain.Repositories.ICartRepository,AutoMapper.IMapper,FluentValidation.IValidator`1<Application.UseCases.Cart.Queries.GetCartByIdQuery>)
FNDA:5,System.Void Application.UseCases.Cart.Queries.GetCartById.GetCartByIdQueryHandler::.ctor(Domain.Repositories.ICartRepository,AutoMapper.IMapper,FluentValidation.IValidator`1<Application.UseCases.Cart.Queries.GetCartByIdQuery>)
DA:18,5
DA:19,5
DA:20,5
DA:21,5
DA:22,5
DA:23,5
FN:29,System.String Application.UseCases.Cart.Queries.GetCartById.GetCartByIdQueryHandler/<>c::<Handle>b__4_0(FluentValidation.Results.ValidationFailure)
FNDA:3,System.String Application.UseCases.Cart.Queries.GetCartById.GetCartByIdQueryHandler/<>c::<Handle>b__4_0(FluentValidation.Results.ValidationFailure)
DA:30,3
FN:25,System.Void Application.UseCases.Cart.Queries.GetCartById.GetCartByIdQueryHandler/<Handle>d__4::MoveNext()
FNDA:5,System.Void Application.UseCases.Cart.Queries.GetCartById.GetCartByIdQueryHandler/<Handle>d__4::MoveNext()
DA:26,5
DA:27,5
DA:28,5
DA:29,1
DA:31,1
DA:34,4
DA:35,3
DA:36,3
BRDA:28,186,0,1
BRDA:28,186,1,4
LF:15
LH:15
BRF:2
BRH:2
FNF:3
FNH:3
end_of_record
SF:D:\INET Labs\SmartE-commercePlatform\Backend\Application\UseCases\Cart\Queries\GetCartByIdQueryValidator.cs
FN:6,System.Void Application.UseCases.Cart.Queries.GetCartById.GetCartByIdQueryValidator::.ctor()
FNDA:0,System.Void Application.UseCases.Cart.Queries.GetCartById.GetCartByIdQueryValidator::.ctor()
DA:7,0
DA:8,0
DA:9,0
DA:10,0
DA:11,0
DA:12,0
LF:6
LH:0
BRF:0
BRH:0
FNF:1
FNH:0
end_of_record
SF:D:\INET Labs\SmartE-commercePlatform\Backend\Application\UseCases\Cart\Commands\RemoveFromCart\RemoveFromCartCommand.cs
FN:6,System.Guid Application.UseCases.Cart.Commands.RemoveFromCart.RemoveFromCartCommand::get_UserId()
FNDA:3,System.Guid Application.UseCases.Cart.Commands.RemoveFromCart.RemoveFromCartCommand::get_UserId()
DA:7,3
FN:7,System.Guid Application.UseCases.Cart.Commands.RemoveFromCart.RemoveFromCartCommand::get_ProductId()
FNDA:3,System.Guid Application.UseCases.Cart.Commands.RemoveFromCart.RemoveFromCartCommand::get_ProductId()
DA:8,3
FN:9,System.Void Application.UseCases.Cart.Commands.RemoveFromCart.RemoveFromCartCommand::.ctor(System.Guid,System.Guid)
FNDA:2,System.Void Application.UseCases.Cart.Commands.RemoveFromCart.RemoveFromCartCommand::.ctor(System.Guid,System.Guid)
DA:10,2
DA:11,2
DA:12,2
DA:13,2
DA:14,2
LF:7
LH:7
BRF:0
BRH:0
FNF:3
FNH:3
end_of_record
SF:D:\INET Labs\SmartE-commercePlatform\Backend\Application\UseCases\Cart\Commands\RemoveFromCart\RemoveFromCartCommandHandler.cs
FN:14,System.Void Application.UseCases.Cart.Commands.RemoveFromCart.RemoveFromCartCommandHandler::.ctor(Domain.Repositories.ICartRepository,FluentValidation.IValidator`1<Application.UseCases.Cart.Commands.RemoveFromCart.RemoveFromCartCommand>)
FNDA:2,System.Void Application.UseCases.Cart.Commands.RemoveFromCart.RemoveFromCartCommandHandler::.ctor(Domain.Repositories.ICartRepository,FluentValidation.IValidator`1<Application.UseCases.Cart.Commands.RemoveFromCart.RemoveFromCartCommand>)
DA:15,2
DA:16,2
DA:17,2
DA:18,2
DA:19,2
FN:25,System.String Application.UseCases.Cart.Commands.RemoveFromCart.RemoveFromCartCommandHandler/<>c::<Handle>b__3_0(FluentValidation.Results.ValidationFailure)
FNDA:3,System.String Application.UseCases.Cart.Commands.RemoveFromCart.RemoveFromCartCommandHandler/<>c::<Handle>b__3_0(FluentValidation.Results.ValidationFailure)
DA:26,3
FN:21,System.Void Application.UseCases.Cart.Commands.RemoveFromCart.RemoveFromCartCommandHandler/<Handle>d__3::MoveNext()
FNDA:2,System.Void Application.UseCases.Cart.Commands.RemoveFromCart.RemoveFromCartCommandHandler/<Handle>d__3::MoveNext()
DA:22,2
DA:23,2
DA:24,2
DA:25,1
DA:27,1
DA:30,1
DA:32,1
DA:33,1
BRDA:24,186,0,1
BRDA:24,186,1,1
LF:14
LH:14
BRF:2
BRH:2
FNF:3
FNH:3
end_of_record
SF:D:\INET Labs\SmartE-commercePlatform\Backend\Application\UseCases\Cart\Commands\RemoveFromCart\RemoveFromCartCommandValidator.cs
FN:6,System.Void Application.UseCases.Cart.Commands.RemoveFromCart.RemoveFromCartCommandValidator::.ctor()
FNDA:0,System.Void Application.UseCases.Cart.Commands.RemoveFromCart.RemoveFromCartCommandValidator::.ctor()
DA:7,0
DA:8,0
DA:9,0
DA:10,0
DA:12,0
DA:13,0
DA:14,0
LF:7
LH:0
BRF:0
BRH:0
FNF:1
FNH:0
end_of_record
SF:D:\INET Labs\SmartE-commercePlatform\Backend\Application\UseCases\Cart\Commands\AddToCart\AddToCartCommand.cs
FN:7,System.Guid Application.UseCases.Cart.Commands.AddToCart.AddToCartCommand::get_UserId()
FNDA:4,System.Guid Application.UseCases.Cart.Commands.AddToCart.AddToCartCommand::get_UserId()
DA:8,4
FN:8,System.Guid Application.UseCases.Cart.Commands.AddToCart.AddToCartCommand::get_ProductId()
FNDA:4,System.Guid Application.UseCases.Cart.Commands.AddToCart.AddToCartCommand::get_ProductId()
DA:9,4
FN:10,System.Void Application.UseCases.Cart.Commands.AddToCart.AddToCartCommand::.ctor(System.Guid,System.Guid)
FNDA:5,System.Void Application.UseCases.Cart.Commands.AddToCart.AddToCartCommand::.ctor(System.Guid,System.Guid)
DA:11,5
DA:12,5
DA:13,5
DA:14,5
DA:15,5
LF:7
LH:7
BRF:0
BRH:0
FNF:3
FNH:3
end_of_record
SF:D:\INET Labs\SmartE-commercePlatform\Backend\Application\UseCases\Cart\Commands\AddToCart\AddToCartCommandHandler.cs
FN:13,System.Void Application.UseCases.Cart.Commands.AddToCart.AddToCartCommandHandler::.ctor(Domain.Repositories.ICartRepository,FluentValidation.IValidator`1<Application.UseCases.Cart.Commands.AddToCart.AddToCartCommand>)
FNDA:2,System.Void Application.UseCases.Cart.Commands.AddToCart.AddToCartCommandHandler::.ctor(Domain.Repositories.ICartRepository,FluentValidation.IValidator`1<Application.UseCases.Cart.Commands.AddToCart.AddToCartCommand>)
DA:14,2
DA:15,2
DA:16,2
DA:17,2
DA:18,2
FN:20,System.Void Application.UseCases.Cart.Commands.AddToCart.AddToCartCommandHandler/<Handle>d__3::MoveNext()
FNDA:2,System.Void Application.UseCases.Cart.Commands.AddToCart.AddToCartCommandHandler/<Handle>d__3::MoveNext()
DA:21,2
DA:22,2
DA:23,2
DA:24,1
DA:25,1
DA:28,1
DA:30,1
DA:31,2
BRDA:23,186,0,1
BRDA:23,186,1,1
LF:13
LH:13
BRF:2
BRH:2
FNF:2
FNH:2
end_of_record
SF:D:\INET Labs\SmartE-commercePlatform\Backend\Application\DTOs\User\CreateUserDTO.cs
FN:4,System.String Application.DTOs.User.CreateUserDTO::get_Username()
FNDA:12,System.String Application.DTOs.User.CreateUserDTO::get_Username()
DA:5,12
FN:8,System.Void Application.DTOs.User.CreateUserDTO::.ctor(System.String,System.String,System.String)
FNDA:4,System.Void Application.DTOs.User.CreateUserDTO::.ctor(System.String,System.String,System.String)
DA:9,4
DA:10,4
DA:11,4
DA:12,4
FN:13,System.Void Application.DTOs.User.CreateUserDTO::.ctor()
FNDA:3,System.Void Application.DTOs.User.CreateUserDTO::.ctor()
DA:14,3
DA:15,3
DA:16,3
LF:8
LH:8
BRF:0
BRH:0
FNF:3
FNH:3
end_of_record
SF:D:\INET Labs\SmartE-commercePlatform\Backend\Application\DTOs\User\LoginUserDTO.cs
FN:4,System.String Application.DTOs.User.LoginUserDTO::get_Email()
FNDA:12,System.String Application.DTOs.User.LoginUserDTO::get_Email()
DA:5,12
FN:6,System.String Application.DTOs.User.LoginUserDTO::get_Password()
FNDA:7,System.String Application.DTOs.User.LoginUserDTO::get_Password()
DA:7,7
FN:8,System.Void Application.DTOs.User.LoginUserDTO::.ctor(System.String,System.String)
FNDA:4,System.Void Application.DTOs.User.LoginUserDTO::.ctor(System.String,System.String)
DA:9,4
DA:10,4
DA:11,4
DA:12,4
DA:13,4
FN:14,System.Void Application.DTOs.User.LoginUserDTO::.ctor()
FNDA:3,System.Void Application.DTOs.User.LoginUserDTO::.ctor()
DA:15,3
DA:16,3
DA:17,3
LF:10
LH:10
BRF:0
BRH:0
FNF:4
FNH:4
end_of_record
SF:D:\INET Labs\SmartE-commercePlatform\Backend\Application\DTOs\User\UserDTO.cs
FN:4,System.Nullable`1<System.Guid> Application.DTOs.User.UserDTO::get_Id()
FNDA:9,System.Nullable`1<System.Guid> Application.DTOs.User.UserDTO::get_Id()
DA:5,9
FN:6,System.String Application.DTOs.User.UserDTO::get_PhoneNumber()
FNDA:4,System.String Application.DTOs.User.UserDTO::get_PhoneNumber()
DA:7,4
FN:8,System.String Application.DTOs.User.UserDTO::get_City()
FNDA:4,System.String Application.DTOs.User.UserDTO::get_City()
DA:9,4
FN:10,System.Void Application.DTOs.User.UserDTO::.ctor()
FNDA:3,System.Void Application.DTOs.User.UserDTO::.ctor()
DA:11,3
DA:12,3
DA:13,3
FN:14,System.Void Application.DTOs.User.UserDTO::.ctor(System.Guid,System.String,System.String,System.String,System.String,System.String)
FNDA:2,System.Void Application.DTOs.User.UserDTO::.ctor(System.Guid,System.String,System.String,System.String,System.String,System.String)
DA:15,2
DA:16,2
DA:17,2
DA:18,2
DA:19,2
DA:20,2
LF:12
LH:12
BRF:0
BRH:0
FNF:5
FNH:5
end_of_record
SF:D:\INET Labs\SmartE-commercePlatform\Backend\Application\DTOs\Product\CreateProductDTO.cs
FN:4,System.String Application.DTOs.Product.CreateProductDTO::get_Type()
FNDA:40,System.String Application.DTOs.Product.CreateProductDTO::get_Type()
DA:5,40
FN:6,System.String Application.DTOs.Product.CreateProductDTO::get_Name()
FNDA:40,System.String Application.DTOs.Product.CreateProductDTO::get_Name()
DA:7,40
FN:8,System.String Application.DTOs.Product.CreateProductDTO::get_Description()
FNDA:40,System.String Application.DTOs.Product.CreateProductDTO::get_Description()
DA:9,40
FN:10,System.Decimal Application.DTOs.Product.CreateProductDTO::get_Price()
FNDA:40,System.Decimal Application.DTOs.Product.CreateProductDTO::get_Price()
DA:11,40
FN:12,System.Int32 Application.DTOs.Product.CreateProductDTO::get_Review()
FNDA:40,System.Int32 Application.DTOs.Product.CreateProductDTO::get_Review()
DA:13,40
FN:14,System.Guid Application.DTOs.Product.CreateProductDTO::get_UserId()
FNDA:21,System.Guid Application.DTOs.Product.CreateProductDTO::get_UserId()
DA:15,21
FN:16,System.Void Application.DTOs.Product.CreateProductDTO::.ctor(System.String,System.String,System.String,System.Decimal,System.Int32,System.Guid)
FNDA:21,System.Void Application.DTOs.Product.CreateProductDTO::.ctor(System.String,System.String,System.String,System.Decimal,System.Int32,System.Guid)
DA:17,21
DA:18,21
DA:19,21
DA:20,21
DA:21,21
DA:22,21
DA:23,21
DA:24,21
DA:25,21
FN:26,System.Void Application.DTOs.Product.CreateProductDTO::.ctor()
FNDA:0,System.Void Application.DTOs.Product.CreateProductDTO::.ctor()
DA:27,0
DA:28,0
DA:29,0
LF:18
LH:15
BRF:0
BRH:0
FNF:8
FNH:7
end_of_record
SF:D:\INET Labs\SmartE-commercePlatform\Backend\Application\DTOs\Product\PagedResult.cs
FN:4,System.Collections.Generic.IEnumerable`1<T> Application.DTOs.Product.PagedResult`1::get_Data()
FNDA:24,System.Collections.Generic.IEnumerable`1<T> Application.DTOs.Product.PagedResult`1::get_Data()
DA:5,24
FN:5,System.Int32 Application.DTOs.Product.PagedResult`1::get_TotalItems()
FNDA:10,System.Int32 Application.DTOs.Product.PagedResult`1::get_TotalItems()
DA:6,10
FN:6,System.Int32 Application.DTOs.Product.PagedResult`1::get_PageNumber()
FNDA:10,System.Int32 Application.DTOs.Product.PagedResult`1::get_PageNumber()
DA:7,10
FN:7,System.Int32 Application.DTOs.Product.PagedResult`1::get_PageSize()
FNDA:10,System.Int32 Application.DTOs.Product.PagedResult`1::get_PageSize()
DA:8,10
FN:8,System.Int32 Application.DTOs.Product.PagedResult`1::get_TotalPages()
FNDA:0,System.Int32 Application.DTOs.Product.PagedResult`1::get_TotalPages()
DA:9,0
FN:10,System.Void Application.DTOs.Product.PagedResult`1::.ctor(System.Collections.Generic.IEnumerable`1<T>,System.Int32,System.Int32,System.Int32)
FNDA:5,System.Void Application.DTOs.Product.PagedResult`1::.ctor(System.Collections.Generic.IEnumerable`1<T>,System.Int32,System.Int32,System.Int32)
DA:11,5
DA:12,5
DA:13,5
DA:14,5
DA:15,5
DA:16,5
DA:17,5
LF:12
LH:11
BRF:0
BRH:0
FNF:6
FNH:5
end_of_record
SF:D:\INET Labs\SmartE-commercePlatform\Backend\Application\DTOs\Product\ProductDTO.cs
FN:4,System.Nullable`1<System.Guid> Application.DTOs.Product.ProductDTO::get_Id()
FNDA:37,System.Nullable`1<System.Guid> Application.DTOs.Product.ProductDTO::get_Id()
DA:5,37
FN:6,System.Void Application.DTOs.Product.ProductDTO::.ctor()
FNDA:0,System.Void Application.DTOs.Product.ProductDTO::.ctor()
DA:7,0
DA:8,0
DA:9,0
FN:10,System.Void Application.DTOs.Product.ProductDTO::.ctor(System.Guid,System.String,System.String,System.String,System.Decimal,System.Int32,System.Guid)
FNDA:19,System.Void Application.DTOs.Product.ProductDTO::.ctor(System.Guid,System.String,System.String,System.String,System.Decimal,System.Int32,System.Guid)
DA:11,19
DA:12,19
DA:13,19
DA:14,19
LF:8
LH:5
BRF:0
BRH:0
FNF:3
FNH:2
end_of_record
SF:D:\INET Labs\SmartE-commercePlatform\Backend\Application\DTOs\Cart\CartDTO.cs
FN:7,System.Guid Application.DTOs.Cart.CartDTO::get_Id()
FNDA:4,System.Guid Application.DTOs.Cart.CartDTO::get_Id()
DA:8,4
FN:8,System.Collections.Generic.List`1<Application.DTOs.Product.ProductDTO> Application.DTOs.Cart.CartDTO::get_Products()
FNDA:6,System.Collections.Generic.List`1<Application.DTOs.Product.ProductDTO> Application.DTOs.Cart.CartDTO::get_Products()
DA:9,6
FN:9,Application.DTOs.User.UserDTO Application.DTOs.Cart.CartDTO::get_User()
FNDA:10,Application.DTOs.User.UserDTO Application.DTOs.Cart.CartDTO::get_User()
DA:10,10
FN:11,System.Void Application.DTOs.Cart.CartDTO::.ctor()
FNDA:0,System.Void Application.DTOs.Cart.CartDTO::.ctor()
DA:12,0
DA:13,0
DA:14,0
FN:15,System.Void Application.DTOs.Cart.CartDTO::.ctor(System.Guid,System.Collections.Generic.List`1<Application.DTOs.Product.ProductDTO>,Application.DTOs.User.UserDTO)
FNDA:2,System.Void Application.DTOs.Cart.CartDTO::.ctor(System.Guid,System.Collections.Generic.List`1<Application.DTOs.Product.ProductDTO>,Application.DTOs.User.UserDTO)
DA:16,2
DA:17,2
DA:18,2
DA:19,2
DA:20,2
DA:21,2
LF:12
LH:9
BRF:0
BRH:0
FNF:5
FNH:4
end_of_record
SF:D:\INET Labs\SmartE-commercePlatform\Backend\Application\AIML\ProductData.cs
FN:10,System.String Application.AIML.ProductData::get_Type()
FNDA:0,System.String Application.AIML.ProductData::get_Type()
DA:11,0
FN:11,System.String Application.AIML.ProductData::get_Name()
FNDA:0,System.String Application.AIML.ProductData::get_Name()
DA:12,0
FN:12,System.String Application.AIML.ProductData::get_Description()
FNDA:0,System.String Application.AIML.ProductData::get_Description()
DA:13,0
FN:13,System.Single Application.AIML.ProductData::get_Price()
FNDA:0,System.Single Application.AIML.ProductData::get_Price()
DA:14,0
FN:14,System.Single Application.AIML.ProductData::get_Review()
FNDA:0,System.Single Application.AIML.ProductData::get_Review()
DA:15,0
LF:5
LH:0
BRF:0
BRH:0
FNF:5
FNH:0
end_of_record
SF:D:\INET Labs\SmartE-commercePlatform\Backend\Application\AIML\ProductDataGenerator.cs
FN:7,System.Collections.Generic.List`1<Application.AIML.ProductData> Application.AIML.ProductDataGenerator::GetProducts()
FNDA:0,System.Collections.Generic.List`1<Application.AIML.ProductData> Application.AIML.ProductDataGenerator::GetProducts()
DA:8,0
DA:9,0
DA:10,0
DA:12,0
DA:13,0
DA:16,0
DA:17,0
DA:18,0
DA:19,0
DA:21,0
DA:22,0
DA:23,0
DA:24,0
DA:25,0
DA:26,0
DA:27,0
DA:28,0
DA:29,0
DA:30,0
DA:31,0
DA:32,0
DA:34,0
DA:35,0
BRDA:12,24,0,0
BRDA:12,24,1,0
BRDA:21,224,1,0
BRDA:21,224,0,0
LF:23
LH:0
BRF:4
BRH:0
FNF:1
FNH:0
end_of_record
SF:D:\INET Labs\SmartE-commercePlatform\Backend\Application\AIML\ProductPricePredictionModel.cs
FN:17,System.Void Application.AIML.ProductPricePredictionModel::TrainPriceModel(System.Collections.Generic.List`1<Application.AIML.ProductData>,System.String)
FNDA:0,System.Void Application.AIML.ProductPricePredictionModel::TrainPriceModel(System.Collections.Generic.List`1<Application.AIML.ProductData>,System.String)
DA:18,0
DA:19,0
DA:21,0
DA:22,0
DA:23,0
DA:24,0
DA:25,0
DA:26,0
DA:27,0
DA:29,0
DA:30,0
DA:31,0
FN:33,System.Single Application.AIML.ProductPricePredictionModel::PredictPrice(Application.AIML.ProductData,System.String)
FNDA:0,System.Single Application.AIML.ProductPricePredictionModel::PredictPrice(Application.AIML.ProductData,System.String)
DA:34,0
DA:35,0
DA:36,0
DA:37,0
DA:38,0
DA:40,0
DA:41,0
DA:42,0
DA:43,0
BRDA:35,12,0,0
BRDA:35,12,1,0
FN:45,System.Collections.Generic.List`1<System.Single[]> Application.AIML.ProductPricePredictionModel::GetTransformedFeatures(System.Collections.Generic.List`1<Application.AIML.ProductData>)
FNDA:0,System.Collections.Generic.List`1<System.Single[]> Application.AIML.ProductPricePredictionModel::GetTransformedFeatures(System.Collections.Generic.List`1<Application.AIML.ProductData>)
DA:46,0
DA:47,0
DA:48,0
DA:49,0
DA:52,0
DA:53,0
DA:55,0
DA:56,0
DA:57,0
DA:58,0
DA:60,0
DA:61,0
BRDA:47,12,0,0
BRDA:47,12,1,0
FN:63,System.Void Application.AIML.ProductPricePredictionModel::LoadPriceModel(System.String)
FNDA:0,System.Void Application.AIML.ProductPricePredictionModel::LoadPriceModel(System.String)
DA:64,0
DA:65,0
DA:66,0
FN:68,System.Void Application.AIML.ProductPricePredictionModel::SaveModel(Microsoft.ML.ITransformer,System.String)
FNDA:0,System.Void Application.AIML.ProductPricePredictionModel::SaveModel(Microsoft.ML.ITransformer,System.String)
DA:69,0
DA:70,0
DA:71,0
FN:73,Microsoft.ML.ITransformer Application.AIML.ProductPricePredictionModel::LoadModel(System.String)
FNDA:0,Microsoft.ML.ITransformer Application.AIML.ProductPricePredictionModel::LoadModel(System.String)
DA:74,0
DA:75,0
DA:76,0
DA:77,0
FN:11,System.Void Application.AIML.ProductPricePredictionModel::.ctor()
FNDA:0,System.Void Application.AIML.ProductPricePredictionModel::.ctor()
DA:12,0
DA:13,0
DA:14,0
DA:15,0
FN:82,System.Single[] Application.AIML.TransformedProductData::get_Features()
FNDA:0,System.Single[] Application.AIML.TransformedProductData::get_Features()
DA:83,0
LF:48
LH:0
BRF:4
BRH:0
FNF:8
FNH:0
end_of_record
SF:D:\INET Labs\SmartE-commercePlatform\Backend\Domain\Entities\Cart.cs
FN:4,System.Guid Domain.Entities.Cart::get_Id()
FNDA:6,System.Guid Domain.Entities.Cart::get_Id()
DA:5,6
FN:6,System.Guid Domain.Entities.Cart::get_UserId()
FNDA:0,System.Guid Domain.Entities.Cart::get_UserId()
DA:7,0
FN:8,Domain.Entities.User Domain.Entities.Cart::get_User()
FNDA:10,Domain.Entities.User Domain.Entities.Cart::get_User()
DA:9,10
FN:10,System.Collections.Generic.ICollection`1<Domain.Entities.Product> Domain.Entities.Cart::get_Products()
FNDA:10,System.Collections.Generic.ICollection`1<Domain.Entities.Product> Domain.Entities.Cart::get_Products()
DA:11,10
FN:12,System.Void Domain.Entities.Cart::.ctor()
FNDA:2,System.Void Domain.Entities.Cart::.ctor()
DA:13,2
DA:14,2
DA:15,2
FN:16,System.Void Domain.Entities.Cart::.ctor(System.Guid)
FNDA:0,System.Void Domain.Entities.Cart::.ctor(System.Guid)
DA:17,0
DA:18,0
DA:19,0
DA:20,0
LF:11
LH:6
BRF:0
BRH:0
FNF:6
FNH:4
end_of_record
SF:D:\INET Labs\SmartE-commercePlatform\Backend\Domain\Entities\Product.cs
FN:4,System.Guid Domain.Entities.Product::get_Id()
FNDA:58,System.Guid Domain.Entities.Product::get_Id()
DA:5,58
FN:6,System.String Domain.Entities.Product::get_Type()
FNDA:79,System.String Domain.Entities.Product::get_Type()
DA:7,79
FN:8,System.String Domain.Entities.Product::get_Name()
FNDA:59,System.String Domain.Entities.Product::get_Name()
DA:9,59
FN:10,System.String Domain.Entities.Product::get_Description()
FNDA:59,System.String Domain.Entities.Product::get_Description()
DA:11,59
FN:12,System.Decimal Domain.Entities.Product::get_Price()
FNDA:85,System.Decimal Domain.Entities.Product::get_Price()
DA:13,85
FN:14,System.Int32 Domain.Entities.Product::get_Review()
FNDA:75,System.Int32 Domain.Entities.Product::get_Review()
DA:15,75
FN:16,System.Guid Domain.Entities.Product::get_UserId()
FNDA:40,System.Guid Domain.Entities.Product::get_UserId()
DA:17,40
FN:17,Domain.Entities.User Domain.Entities.Product::get_User()
FNDA:0,Domain.Entities.User Domain.Entities.Product::get_User()
DA:18,0
FN:19,System.Collections.Generic.ICollection`1<Domain.Entities.Cart> Domain.Entities.Product::get_Carts()
FNDA:24,System.Collections.Generic.ICollection`1<Domain.Entities.Cart> Domain.Entities.Product::get_Carts()
DA:20,24
FN:21,System.Void Domain.Entities.Product::.ctor()
FNDA:1,System.Void Domain.Entities.Product::.ctor()
DA:22,1
DA:23,1
DA:24,1
FN:25,System.Void Domain.Entities.Product::.ctor(System.Guid,System.String,System.String,System.String,System.Decimal,System.Int32,System.Guid)
FNDA:23,System.Void Domain.Entities.Product::.ctor(System.Guid,System.String,System.String,System.String,System.Decimal,System.Int32,System.Guid)
DA:26,23
DA:27,23
DA:28,23
DA:29,23
DA:30,23
DA:31,23
DA:32,23
DA:33,23
DA:34,23
DA:35,23
LF:22
LH:21
BRF:0
BRH:0
FNF:11
FNH:10
end_of_record
SF:D:\INET Labs\SmartE-commercePlatform\Backend\Domain\Entities\User.cs
FN:4,System.Guid Domain.Entities.User::get_Id()
FNDA:12,System.Guid Domain.Entities.User::get_Id()
DA:5,12
FN:6,System.String Domain.Entities.User::get_Username()
FNDA:11,System.String Domain.Entities.User::get_Username()
DA:7,11
FN:8,System.String Domain.Entities.User::get_Password()
FNDA:4,System.String Domain.Entities.User::get_Password()
DA:9,4
FN:10,System.String Domain.Entities.User::get_Email()
FNDA:11,System.String Domain.Entities.User::get_Email()
DA:11,11
FN:12,System.String Domain.Entities.User::get_PhoneNumber()
FNDA:2,System.String Domain.Entities.User::get_PhoneNumber()
DA:13,2
FN:14,System.String Domain.Entities.User::get_City()
FNDA:2,System.String Domain.Entities.User::get_City()
DA:15,2
FN:16,Domain.Entities.Cart Domain.Entities.User::get_Cart()
FNDA:0,Domain.Entities.Cart Domain.Entities.User::get_Cart()
DA:17,0
FN:18,System.Collections.Generic.ICollection`1<Domain.Entities.Product> Domain.Entities.User::get_Products()
FNDA:4,System.Collections.Generic.ICollection`1<Domain.Entities.Product> Domain.Entities.User::get_Products()
DA:19,4
FN:20,System.Void Domain.Entities.User::.ctor()
FNDA:4,System.Void Domain.Entities.User::.ctor()
DA:21,4
DA:22,4
DA:23,4
FN:24,System.Void Domain.Entities.User::.ctor(System.Guid,System.String,System.String,System.String,System.String,System.String)
FNDA:0,System.Void Domain.Entities.User::.ctor(System.Guid,System.String,System.String,System.String,System.String,System.String)
DA:25,0
DA:26,0
DA:27,0
DA:28,0
DA:29,0
DA:30,0
DA:31,0
DA:32,0
DA:33,0
LF:20
LH:10
BRF:0
BRH:0
FNF:10
FNH:8
end_of_record